# ivector-plda-scoring --normalize-length=true "ivector-copy-plda --smoothing=0.0 exp/pvector_net/pvector_adapt/plda_adapt - |" "ark:ivector-subtract-global-mean exp/pvector_net/pvector_adapt/mean.vec scp:exp/pvector_net/pvector_dev/spk_xvector.scp ark:- | transform-vec exp/pvector_net/pvector_train_combined/transform.mat ark:- ark:- | ivector-normalize-length ark:- ark:- |" "ark:ivector-subtract-global-mean exp/pvector_net/pvector_adapt/mean.vec scp:exp/pvector_net/pvector_prod/xvector.scp ark:- | transform-vec exp/pvector_net/pvector_train_combined/transform.mat ark:- ark:- | ivector-normalize-length ark:- ark:- |" "cat 'exp/trial_prod' | cut -d\  --fields=1,2 |" exp/scores/scores-prod-clean 
# Started at Sun Mar  1 22:21:46 +07 2020
#
ivector-plda-scoring --normalize-length=true 'ivector-copy-plda --smoothing=0.0 exp/pvector_net/pvector_adapt/plda_adapt - |' 'ark:ivector-subtract-global-mean exp/pvector_net/pvector_adapt/mean.vec scp:exp/pvector_net/pvector_dev/spk_xvector.scp ark:- | transform-vec exp/pvector_net/pvector_train_combined/transform.mat ark:- ark:- | ivector-normalize-length ark:- ark:- |' 'ark:ivector-subtract-global-mean exp/pvector_net/pvector_adapt/mean.vec scp:exp/pvector_net/pvector_prod/xvector.scp ark:- | transform-vec exp/pvector_net/pvector_train_combined/transform.mat ark:- ark:- | ivector-normalize-length ark:- ark:- |' 'cat '\''exp/trial_prod'\'' | cut -d\  --fields=1,2 |' exp/scores/scores-prod-clean 
ivector-copy-plda --smoothing=0.0 exp/pvector_net/pvector_adapt/plda_adapt - 
transform-vec exp/pvector_net/pvector_train_combined/transform.mat ark:- ark:- 
ivector-subtract-global-mean exp/pvector_net/pvector_adapt/mean.vec scp:exp/pvector_net/pvector_dev/spk_xvector.scp ark:- 
ivector-normalize-length ark:- ark:- 
LOG (ivector-subtract-global-mean[5.5.490~1-b2f64]:main():ivector-subtract-global-mean.cc:108) Wrote 136 mean-subtracted iVectors
LOG (transform-vec[5.5.490~1-b2f64]:main():transform-vec.cc:85) Applied transform to 136 vectors.
transform-vec exp/pvector_net/pvector_train_combined/transform.mat ark:- ark:- 
ivector-subtract-global-mean exp/pvector_net/pvector_adapt/mean.vec scp:exp/pvector_net/pvector_prod/xvector.scp ark:- 
ivector-normalize-length ark:- ark:- 
LOG (ivector-plda-scoring[5.5.490~1-b2f64]:main():ivector-plda-scoring.cc:96) Reading train iVectors
LOG (ivector-subtract-global-mean[5.5.490~1-b2f64]:main():ivector-subtract-global-mean.cc:108) Wrote 127 mean-subtracted iVectors
LOG (ivector-normalize-length[5.5.490~1-b2f64]:main():ivector-normalize-length.cc:90) Processed 136 iVectors.
LOG (ivector-normalize-length[5.5.490~1-b2f64]:main():ivector-normalize-length.cc:94) Average ratio of iVector to expected length was 1.20342, standard deviation was 0.123631
LOG (transform-vec[5.5.490~1-b2f64]:main():transform-vec.cc:85) Applied transform to 127 vectors.
LOG (ivector-plda-scoring[5.5.490~1-b2f64]:main():ivector-plda-scoring.cc:122) Read 136 training iVectors, errors on 0
LOG (ivector-plda-scoring[5.5.490~1-b2f64]:main():ivector-plda-scoring.cc:126) Average renormalization scale on training iVectors was 1.20154
LOG (ivector-plda-scoring[5.5.490~1-b2f64]:main():ivector-plda-scoring.cc:129) Reading test iVectors
LOG (ivector-normalize-length[5.5.490~1-b2f64]:main():ivector-normalize-length.cc:90) Processed 127 iVectors.
LOG (ivector-normalize-length[5.5.490~1-b2f64]:main():ivector-normalize-length.cc:94) Average ratio of iVector to expected length was 1.72264, standard deviation was 0.156629
LOG (ivector-plda-scoring[5.5.490~1-b2f64]:main():ivector-plda-scoring.cc:147) Read 127 test iVectors.
LOG (ivector-plda-scoring[5.5.490~1-b2f64]:main():ivector-plda-scoring.cc:150) Average renormalization scale on test iVectors was 1.07012
LOG (ivector-plda-scoring[5.5.490~1-b2f64]:main():ivector-plda-scoring.cc:214) Mean score was -7.39645, standard deviation was 10.063
LOG (ivector-plda-scoring[5.5.490~1-b2f64]:main():ivector-plda-scoring.cc:217) Processed 17272 trials, 0 had errors.
# Accounting: time=1 threads=1
# Ended (code 0) at Sun Mar  1 22:21:47 +07 2020, elapsed time 1 seconds
