# ivector-plda-scoring --normalize-length=true "ivector-copy-plda --smoothing=0.0 exp/pvector_net/pvector_adapt_parliament/plda_adapt - |" "ark:ivector-subtract-global-mean exp/pvector_net/pvector_adapt_parliament/mean.vec scp:exp/pvector_net/pvector_dev_parliament/spk_xvector.scp ark:- | transform-vec exp/pvector_net/pvector_train_combined/transform.mat ark:- ark:- | ivector-normalize-length ark:- ark:- |" "ark:ivector-subtract-global-mean exp/pvector_net/pvector_adapt_parliament/mean.vec scp:exp/pvector_net/pvector_prod/xvector.scp ark:- | transform-vec exp/pvector_net/pvector_train_combined/transform.mat ark:- ark:- | ivector-normalize-length ark:- ark:- |" "cat 'exp/trial_prod' | cut -d\  --fields=1,2 |" exp/scores/scores-prod-clean 
# Started at Sun Apr 19 06:55:18 UTC 2020
#
ivector-plda-scoring --normalize-length=true 'ivector-copy-plda --smoothing=0.0 exp/pvector_net/pvector_adapt_parliament/plda_adapt - |' 'ark:ivector-subtract-global-mean exp/pvector_net/pvector_adapt_parliament/mean.vec scp:exp/pvector_net/pvector_dev_parliament/spk_xvector.scp ark:- | transform-vec exp/pvector_net/pvector_train_combined/transform.mat ark:- ark:- | ivector-normalize-length ark:- ark:- |' 'ark:ivector-subtract-global-mean exp/pvector_net/pvector_adapt_parliament/mean.vec scp:exp/pvector_net/pvector_prod/xvector.scp ark:- | transform-vec exp/pvector_net/pvector_train_combined/transform.mat ark:- ark:- | ivector-normalize-length ark:- ark:- |' 'cat '\''exp/trial_prod'\'' | cut -d\  --fields=1,2 |' exp/scores/scores-prod-clean 
ivector-copy-plda --smoothing=0.0 exp/pvector_net/pvector_adapt_parliament/plda_adapt - 
transform-vec exp/pvector_net/pvector_train_combined/transform.mat ark:- ark:- 
ivector-subtract-global-mean exp/pvector_net/pvector_adapt_parliament/mean.vec scp:exp/pvector_net/pvector_dev_parliament/spk_xvector.scp ark:- 
ivector-normalize-length ark:- ark:- 
LOG (ivector-subtract-global-mean[5.5.669~1-b1d80]:main():ivector-subtract-global-mean.cc:108) Wrote 136 mean-subtracted iVectors
LOG (transform-vec[5.5.669~1-b1d80]:main():transform-vec.cc:85) Applied transform to 136 vectors.
ivector-subtract-global-mean exp/pvector_net/pvector_adapt_parliament/mean.vec scp:exp/pvector_net/pvector_prod/xvector.scp ark:- 
ivector-normalize-length ark:- ark:- 
transform-vec exp/pvector_net/pvector_train_combined/transform.mat ark:- ark:- 
LOG (ivector-subtract-global-mean[5.5.669~1-b1d80]:main():ivector-subtract-global-mean.cc:108) Wrote 90 mean-subtracted iVectors
LOG (ivector-plda-scoring[5.5.669~1-b1d80]:main():ivector-plda-scoring.cc:96) Reading train iVectors
LOG (transform-vec[5.5.669~1-b1d80]:main():transform-vec.cc:85) Applied transform to 90 vectors.
LOG (ivector-normalize-length[5.5.669~1-b1d80]:main():ivector-normalize-length.cc:90) Processed 136 iVectors.
LOG (ivector-normalize-length[5.5.669~1-b1d80]:main():ivector-normalize-length.cc:94) Average ratio of iVector to expected length was 0.948731, standard deviation was 0.194646
LOG (ivector-plda-scoring[5.5.669~1-b1d80]:main():ivector-plda-scoring.cc:122) Read 136 training iVectors, errors on 0
LOG (ivector-plda-scoring[5.5.669~1-b1d80]:main():ivector-plda-scoring.cc:126) Average renormalization scale on training iVectors was 1.3741
LOG (ivector-plda-scoring[5.5.669~1-b1d80]:main():ivector-plda-scoring.cc:129) Reading test iVectors
LOG (ivector-normalize-length[5.5.669~1-b1d80]:main():ivector-normalize-length.cc:90) Processed 90 iVectors.
LOG (ivector-normalize-length[5.5.669~1-b1d80]:main():ivector-normalize-length.cc:94) Average ratio of iVector to expected length was 1.69819, standard deviation was 0.166318
LOG (ivector-plda-scoring[5.5.669~1-b1d80]:main():ivector-plda-scoring.cc:147) Read 90 test iVectors.
LOG (ivector-plda-scoring[5.5.669~1-b1d80]:main():ivector-plda-scoring.cc:150) Average renormalization scale on test iVectors was 1.11783
LOG (ivector-plda-scoring[5.5.669~1-b1d80]:main():ivector-plda-scoring.cc:214) Mean score was -19.9968, standard deviation was 10.5171
LOG (ivector-plda-scoring[5.5.669~1-b1d80]:main():ivector-plda-scoring.cc:217) Processed 12240 trials, 0 had errors.
# Accounting: time=0 threads=1
# Ended (code 0) at Sun Apr 19 06:55:18 UTC 2020, elapsed time 0 seconds
